D:\2.CURRENTPROJECTS\SETHENGINE\TRUNK\LIBS\LIBPNG-1.5.13\PROJECTS\VSTUDIO\DEBUG\ZLIB.BSC
D:\2.CURRENTPROJECTS\SETHENGINE\TRUNK\LIBS\LIBPNG-1.5.13\PROJECTS\VSTUDIO\ZLIB\DEBUG\ADLER32.SBR
D:\2.CURRENTPROJECTS\SETHENGINE\TRUNK\LIBS\LIBPNG-1.5.13\PROJECTS\VSTUDIO\ZLIB\DEBUG\COMPRESS.SBR
D:\2.CURRENTPROJECTS\SETHENGINE\TRUNK\LIBS\LIBPNG-1.5.13\PROJECTS\VSTUDIO\ZLIB\DEBUG\CRC32.SBR
D:\2.CURRENTPROJECTS\SETHENGINE\TRUNK\LIBS\LIBPNG-1.5.13\PROJECTS\VSTUDIO\ZLIB\DEBUG\DEFLATE.SBR
D:\2.CURRENTPROJECTS\SETHENGINE\TRUNK\LIBS\LIBPNG-1.5.13\PROJECTS\VSTUDIO\ZLIB\DEBUG\INFBACK.SBR
D:\2.CURRENTPROJECTS\SETHENGINE\TRUNK\LIBS\LIBPNG-1.5.13\PROJECTS\VSTUDIO\ZLIB\DEBUG\INFFAST.SBR
D:\2.CURRENTPROJECTS\SETHENGINE\TRUNK\LIBS\LIBPNG-1.5.13\PROJECTS\VSTUDIO\ZLIB\DEBUG\INFLATE.SBR
D:\2.CURRENTPROJECTS\SETHENGINE\TRUNK\LIBS\LIBPNG-1.5.13\PROJECTS\VSTUDIO\ZLIB\DEBUG\INFTREES.SBR
D:\2.CURRENTPROJECTS\SETHENGINE\TRUNK\LIBS\LIBPNG-1.5.13\PROJECTS\VSTUDIO\ZLIB\DEBUG\TREES.SBR
D:\2.CURRENTPROJECTS\SETHENGINE\TRUNK\LIBS\LIBPNG-1.5.13\PROJECTS\VSTUDIO\ZLIB\DEBUG\UNCOMPR.SBR
D:\2.CURRENTPROJECTS\SETHENGINE\TRUNK\LIBS\LIBPNG-1.5.13\PROJECTS\VSTUDIO\ZLIB\DEBUG\ZUTIL.SBR
D:\2.CURRENTPROJECTS\SETHENGINE\TRUNK\LIBS\LIBPNG-1.5.13\PROJECTS\VSTUDIO\ZLIB\DEBUG\ZUTIL.OBJ
D:\2.CURRENTPROJECTS\SETHENGINE\TRUNK\LIBS\LIBPNG-1.5.13\PROJECTS\VSTUDIO\ZLIB\DEBUG\UNCOMPR.OBJ
D:\2.CURRENTPROJECTS\SETHENGINE\TRUNK\LIBS\LIBPNG-1.5.13\PROJECTS\VSTUDIO\ZLIB\DEBUG\TREES.OBJ
D:\2.CURRENTPROJECTS\SETHENGINE\TRUNK\LIBS\LIBPNG-1.5.13\PROJECTS\VSTUDIO\ZLIB\DEBUG\INFTREES.OBJ
D:\2.CURRENTPROJECTS\SETHENGINE\TRUNK\LIBS\LIBPNG-1.5.13\PROJECTS\VSTUDIO\ZLIB\DEBUG\INFLATE.OBJ
D:\2.CURRENTPROJECTS\SETHENGINE\TRUNK\LIBS\LIBPNG-1.5.13\PROJECTS\VSTUDIO\ZLIB\DEBUG\INFFAST.OBJ
D:\2.CURRENTPROJECTS\SETHENGINE\TRUNK\LIBS\LIBPNG-1.5.13\PROJECTS\VSTUDIO\ZLIB\DEBUG\INFBACK.OBJ
D:\2.CURRENTPROJECTS\SETHENGINE\TRUNK\LIBS\LIBPNG-1.5.13\PROJECTS\VSTUDIO\ZLIB\DEBUG\DEFLATE.OBJ
D:\2.CURRENTPROJECTS\SETHENGINE\TRUNK\LIBS\LIBPNG-1.5.13\PROJECTS\VSTUDIO\ZLIB\DEBUG\CRC32.OBJ
D:\2.CURRENTPROJECTS\SETHENGINE\TRUNK\LIBS\LIBPNG-1.5.13\PROJECTS\VSTUDIO\ZLIB\DEBUG\COMPRESS.OBJ
D:\2.CURRENTPROJECTS\SETHENGINE\TRUNK\LIBS\LIBPNG-1.5.13\PROJECTS\VSTUDIO\ZLIB\DEBUG\ADLER32.OBJ
D:\2.CURRENTPROJECTS\SETHENGINE\TRUNK\LIBS\LIBPNG-1.5.13\PROJECTS\VSTUDIO\ZLIB\DEBUG\VC110.PDB
D:\2.CURRENTPROJECTS\SETHENGINE\TRUNK\LIBS\LIBPNG-1.5.13\PROJECTS\VSTUDIO\DEBUG\ZLIB.LIB
D:\2.CurrentProjects\Sethengine\trunk\libs\libpng-1.5.13\projects\vstudio\zlib\Debug\adler32.obj
D:\2.CurrentProjects\Sethengine\trunk\libs\libpng-1.5.13\projects\vstudio\zlib\Debug\compress.obj
D:\2.CurrentProjects\Sethengine\trunk\libs\libpng-1.5.13\projects\vstudio\zlib\Debug\crc32.obj
D:\2.CurrentProjects\Sethengine\trunk\libs\libpng-1.5.13\projects\vstudio\zlib\Debug\deflate.obj
D:\2.CurrentProjects\Sethengine\trunk\libs\libpng-1.5.13\projects\vstudio\zlib\Debug\infback.obj
D:\2.CurrentProjects\Sethengine\trunk\libs\libpng-1.5.13\projects\vstudio\zlib\Debug\inffast.obj
D:\2.CurrentProjects\Sethengine\trunk\libs\libpng-1.5.13\projects\vstudio\zlib\Debug\inflate.obj
D:\2.CurrentProjects\Sethengine\trunk\libs\libpng-1.5.13\projects\vstudio\zlib\Debug\inftrees.obj
D:\2.CurrentProjects\Sethengine\trunk\libs\libpng-1.5.13\projects\vstudio\zlib\Debug\trees.obj
D:\2.CurrentProjects\Sethengine\trunk\libs\libpng-1.5.13\projects\vstudio\zlib\Debug\uncompr.obj
D:\2.CurrentProjects\Sethengine\trunk\libs\libpng-1.5.13\projects\vstudio\zlib\Debug\zutil.obj
D:\2.CurrentProjects\Sethengine\trunk\libs\libpng-1.5.13\projects\vstudio\zlib\Debug\BscMake.command.1.tlog
D:\2.CurrentProjects\Sethengine\trunk\libs\libpng-1.5.13\projects\vstudio\zlib\Debug\bscmake.read.1.tlog
D:\2.CurrentProjects\Sethengine\trunk\libs\libpng-1.5.13\projects\vstudio\zlib\Debug\bscmake.write.1.tlog
D:\2.CurrentProjects\Sethengine\trunk\libs\libpng-1.5.13\projects\vstudio\zlib\Debug\cl.command.1.tlog
D:\2.CurrentProjects\Sethengine\trunk\libs\libpng-1.5.13\projects\vstudio\zlib\Debug\CL.read.1.tlog
D:\2.CurrentProjects\Sethengine\trunk\libs\libpng-1.5.13\projects\vstudio\zlib\Debug\CL.write.1.tlog
D:\2.CurrentProjects\Sethengine\trunk\libs\libpng-1.5.13\projects\vstudio\zlib\Debug\Lib-link.read.1.tlog
D:\2.CurrentProjects\Sethengine\trunk\libs\libpng-1.5.13\projects\vstudio\zlib\Debug\Lib-link.write.1.tlog
D:\2.CurrentProjects\Sethengine\trunk\libs\libpng-1.5.13\projects\vstudio\zlib\Debug\lib.command.1.tlog
D:\2.CurrentProjects\Sethengine\trunk\libs\libpng-1.5.13\projects\vstudio\zlib\Debug\vc110.pdb
D:\2.CurrentProjects\Sethengine\trunk\libs\libpng-1.5.13\projects\vstudio\zlib\Debug\adler32.sbr
D:\2.CurrentProjects\Sethengine\trunk\libs\libpng-1.5.13\projects\vstudio\zlib\Debug\compress.sbr
D:\2.CurrentProjects\Sethengine\trunk\libs\libpng-1.5.13\projects\vstudio\zlib\Debug\crc32.sbr
D:\2.CurrentProjects\Sethengine\trunk\libs\libpng-1.5.13\projects\vstudio\zlib\Debug\deflate.sbr
D:\2.CurrentProjects\Sethengine\trunk\libs\libpng-1.5.13\projects\vstudio\zlib\Debug\infback.sbr
D:\2.CurrentProjects\Sethengine\trunk\libs\libpng-1.5.13\projects\vstudio\zlib\Debug\inffast.sbr
D:\2.CurrentProjects\Sethengine\trunk\libs\libpng-1.5.13\projects\vstudio\zlib\Debug\inflate.sbr
D:\2.CurrentProjects\Sethengine\trunk\libs\libpng-1.5.13\projects\vstudio\zlib\Debug\inftrees.sbr
D:\2.CurrentProjects\Sethengine\trunk\libs\libpng-1.5.13\projects\vstudio\zlib\Debug\trees.sbr
D:\2.CurrentProjects\Sethengine\trunk\libs\libpng-1.5.13\projects\vstudio\zlib\Debug\uncompr.sbr
D:\2.CurrentProjects\Sethengine\trunk\libs\libpng-1.5.13\projects\vstudio\zlib\Debug\zutil.sbr
D:\2.CurrentProjects\Sethengine\trunk\libs\libpng-1.5.13\projects\vstudio\Debug\zlib.lib
D:\2.CurrentProjects\Sethengine\trunk\libs\libpng-1.5.13\projects\vstudio\Debug\zlib.bsc
