Build started 26/01/2013 22:16:42.
     1>Project "D:\2.CurrentProjects\Sethengine\trunk\libs\libpng-1.5.13\projects\vstudio\zlib\zlib.vcxproj" on node 2 (Rebuild target(s)).
     1>ClCompile:
         C:\Program Files (x86)\Microsoft Visual Studio 11.0\VC\bin\CL.exe /c /Zi /nologo /W3 /WX /Ox /Oi /Oy- /GL /Gm- /EHsc /MT /GS- /Gy /fp:precise /Zc:wchar_t /Zc:forScope /Fo"Release Library\\" /Fd"Release Library\vc110.pdb" /FR"Release Library\\" /Gd /TC /analyze- /errorReport:prompt "..\..\..\..\zlib-1.2.5\adler32.c" "..\..\..\..\zlib-1.2.5\compress.c" "..\..\..\..\zlib-1.2.5\crc32.c" "..\..\..\..\zlib-1.2.5\deflate.c" "..\..\..\..\zlib-1.2.5\infback.c" "..\..\..\..\zlib-1.2.5\inffast.c" "..\..\..\..\zlib-1.2.5\inflate.c" "..\..\..\..\zlib-1.2.5\inftrees.c" "..\..\..\..\zlib-1.2.5\trees.c" "..\..\..\..\zlib-1.2.5\uncompr.c" "..\..\..\..\zlib-1.2.5\zutil.c"
         adler32.c
         compress.c
         crc32.c
         deflate.c
         infback.c
         inffast.c
         inflate.c
         inftrees.c
         trees.c
         uncompr.c
         zutil.c
       Lib:
         C:\Program Files (x86)\Microsoft Visual Studio 11.0\VC\bin\Lib.exe /OUT:"D:\2.CurrentProjects\Sethengine\trunk\libs\libpng-1.5.13\projects\vstudio\Release Library\zlib.lib" /NOLOGO /LTCG "Release Library\adler32.obj"
         "Release Library\compress.obj"
         "Release Library\crc32.obj"
         "Release Library\deflate.obj"
         "Release Library\infback.obj"
         "Release Library\inffast.obj"
         "Release Library\inflate.obj"
         "Release Library\inftrees.obj"
         "Release Library\trees.obj"
         "Release Library\uncompr.obj"
         "Release Library\zutil.obj"
         zlib.vcxproj -> D:\2.CurrentProjects\Sethengine\trunk\libs\libpng-1.5.13\projects\vstudio\Release Library\zlib.lib
       BscMake:
         C:\Program Files (x86)\Microsoft Visual Studio 11.0\VC\bin\bscmake.exe /nologo /o"D:\2.CurrentProjects\Sethengine\trunk\libs\libpng-1.5.13\projects\vstudio\Release Library\zlib.bsc" "Release Library\adler32.sbr" "Release Library\compress.sbr" "Release Library\crc32.sbr" "Release Library\deflate.sbr" "Release Library\infback.sbr" "Release Library\inffast.sbr" "Release Library\inflate.sbr" "Release Library\inftrees.sbr" "Release Library\trees.sbr" "Release Library\uncompr.sbr" "Release Library\zutil.sbr"
     1>Done Building Project "D:\2.CurrentProjects\Sethengine\trunk\libs\libpng-1.5.13\projects\vstudio\zlib\zlib.vcxproj" (Rebuild target(s)).

Build succeeded.

Time Elapsed 00:00:01.41
