D:\2.CURRENTPROJECTS\SETHENGINE\TRUNK\LIBS\LIBPNG-1.5.13\PROJECTS\VSTUDIO\LIBPNG\DEBUG\LIBPNG15.PCH
D:\2.CURRENTPROJECTS\SETHENGINE\TRUNK\LIBS\LIBPNG-1.5.13\PROJECTS\VSTUDIO\LIBPNG\DEBUG\PNG.SBR
D:\2.CURRENTPROJECTS\SETHENGINE\TRUNK\LIBS\LIBPNG-1.5.13\PROJECTS\VSTUDIO\LIBPNG\DEBUG\PNG.OBJ
D:\2.CURRENTPROJECTS\SETHENGINE\TRUNK\LIBS\LIBPNG-1.5.13\PROJECTS\VSTUDIO\LIBPNG\DEBUG\VC110.PDB
D:\2.CURRENTPROJECTS\SETHENGINE\TRUNK\LIBS\LIBPNG-1.5.13\PROJECTS\VSTUDIO\LIBPNG\DEBUG\PNGERROR.SBR
D:\2.CURRENTPROJECTS\SETHENGINE\TRUNK\LIBS\LIBPNG-1.5.13\PROJECTS\VSTUDIO\LIBPNG\DEBUG\PNGGET.SBR
D:\2.CURRENTPROJECTS\SETHENGINE\TRUNK\LIBS\LIBPNG-1.5.13\PROJECTS\VSTUDIO\LIBPNG\DEBUG\PNGMEM.SBR
D:\2.CURRENTPROJECTS\SETHENGINE\TRUNK\LIBS\LIBPNG-1.5.13\PROJECTS\VSTUDIO\LIBPNG\DEBUG\PNGPREAD.SBR
D:\2.CURRENTPROJECTS\SETHENGINE\TRUNK\LIBS\LIBPNG-1.5.13\PROJECTS\VSTUDIO\LIBPNG\DEBUG\PNGREAD.SBR
D:\2.CURRENTPROJECTS\SETHENGINE\TRUNK\LIBS\LIBPNG-1.5.13\PROJECTS\VSTUDIO\LIBPNG\DEBUG\PNGRIO.SBR
D:\2.CURRENTPROJECTS\SETHENGINE\TRUNK\LIBS\LIBPNG-1.5.13\PROJECTS\VSTUDIO\LIBPNG\DEBUG\PNGRTRAN.SBR
D:\2.CURRENTPROJECTS\SETHENGINE\TRUNK\LIBS\LIBPNG-1.5.13\PROJECTS\VSTUDIO\LIBPNG\DEBUG\PNGRUTIL.SBR
D:\2.CURRENTPROJECTS\SETHENGINE\TRUNK\LIBS\LIBPNG-1.5.13\PROJECTS\VSTUDIO\LIBPNG\DEBUG\PNGSET.SBR
D:\2.CURRENTPROJECTS\SETHENGINE\TRUNK\LIBS\LIBPNG-1.5.13\PROJECTS\VSTUDIO\LIBPNG\DEBUG\PNGTRANS.SBR
D:\2.CURRENTPROJECTS\SETHENGINE\TRUNK\LIBS\LIBPNG-1.5.13\PROJECTS\VSTUDIO\LIBPNG\DEBUG\PNGWIO.SBR
D:\2.CURRENTPROJECTS\SETHENGINE\TRUNK\LIBS\LIBPNG-1.5.13\PROJECTS\VSTUDIO\LIBPNG\DEBUG\PNGWRITE.SBR
D:\2.CURRENTPROJECTS\SETHENGINE\TRUNK\LIBS\LIBPNG-1.5.13\PROJECTS\VSTUDIO\LIBPNG\DEBUG\PNGWTRAN.SBR
D:\2.CURRENTPROJECTS\SETHENGINE\TRUNK\LIBS\LIBPNG-1.5.13\PROJECTS\VSTUDIO\LIBPNG\DEBUG\PNGWUTIL.SBR
D:\2.CURRENTPROJECTS\SETHENGINE\TRUNK\LIBS\LIBPNG-1.5.13\PROJECTS\VSTUDIO\LIBPNG\DEBUG\PNGWUTIL.OBJ
D:\2.CURRENTPROJECTS\SETHENGINE\TRUNK\LIBS\LIBPNG-1.5.13\PROJECTS\VSTUDIO\LIBPNG\DEBUG\PNGWTRAN.OBJ
D:\2.CURRENTPROJECTS\SETHENGINE\TRUNK\LIBS\LIBPNG-1.5.13\PROJECTS\VSTUDIO\LIBPNG\DEBUG\PNGWRITE.OBJ
D:\2.CURRENTPROJECTS\SETHENGINE\TRUNK\LIBS\LIBPNG-1.5.13\PROJECTS\VSTUDIO\LIBPNG\DEBUG\PNGWIO.OBJ
D:\2.CURRENTPROJECTS\SETHENGINE\TRUNK\LIBS\LIBPNG-1.5.13\PROJECTS\VSTUDIO\LIBPNG\DEBUG\PNGTRANS.OBJ
D:\2.CURRENTPROJECTS\SETHENGINE\TRUNK\LIBS\LIBPNG-1.5.13\PROJECTS\VSTUDIO\LIBPNG\DEBUG\PNGSET.OBJ
D:\2.CURRENTPROJECTS\SETHENGINE\TRUNK\LIBS\LIBPNG-1.5.13\PROJECTS\VSTUDIO\LIBPNG\DEBUG\PNGRUTIL.OBJ
D:\2.CURRENTPROJECTS\SETHENGINE\TRUNK\LIBS\LIBPNG-1.5.13\PROJECTS\VSTUDIO\LIBPNG\DEBUG\PNGRTRAN.OBJ
D:\2.CURRENTPROJECTS\SETHENGINE\TRUNK\LIBS\LIBPNG-1.5.13\PROJECTS\VSTUDIO\LIBPNG\DEBUG\PNGRIO.OBJ
D:\2.CURRENTPROJECTS\SETHENGINE\TRUNK\LIBS\LIBPNG-1.5.13\PROJECTS\VSTUDIO\LIBPNG\DEBUG\PNGREAD.OBJ
D:\2.CURRENTPROJECTS\SETHENGINE\TRUNK\LIBS\LIBPNG-1.5.13\PROJECTS\VSTUDIO\LIBPNG\DEBUG\PNGPREAD.OBJ
D:\2.CURRENTPROJECTS\SETHENGINE\TRUNK\LIBS\LIBPNG-1.5.13\PROJECTS\VSTUDIO\LIBPNG\DEBUG\PNGMEM.OBJ
D:\2.CURRENTPROJECTS\SETHENGINE\TRUNK\LIBS\LIBPNG-1.5.13\PROJECTS\VSTUDIO\LIBPNG\DEBUG\PNGGET.OBJ
D:\2.CURRENTPROJECTS\SETHENGINE\TRUNK\LIBS\LIBPNG-1.5.13\PROJECTS\VSTUDIO\LIBPNG\DEBUG\PNGERROR.OBJ
D:\2.CURRENTPROJECTS\SETHENGINE\TRUNK\LIBS\LIBPNG-1.5.13\PROJECTS\VSTUDIO\LIBPNG\DEBUG\PNGWIN.RES
D:\2.CurrentProjects\Sethengine\trunk\libs\libpng-1.5.13\projects\vstudio\libpng\Debug\png.obj
D:\2.CurrentProjects\Sethengine\trunk\libs\libpng-1.5.13\projects\vstudio\libpng\Debug\pngerror.obj
D:\2.CurrentProjects\Sethengine\trunk\libs\libpng-1.5.13\projects\vstudio\libpng\Debug\pngget.obj
D:\2.CurrentProjects\Sethengine\trunk\libs\libpng-1.5.13\projects\vstudio\libpng\Debug\pngmem.obj
D:\2.CurrentProjects\Sethengine\trunk\libs\libpng-1.5.13\projects\vstudio\libpng\Debug\pngpread.obj
D:\2.CurrentProjects\Sethengine\trunk\libs\libpng-1.5.13\projects\vstudio\libpng\Debug\pngread.obj
D:\2.CurrentProjects\Sethengine\trunk\libs\libpng-1.5.13\projects\vstudio\libpng\Debug\pngrio.obj
D:\2.CurrentProjects\Sethengine\trunk\libs\libpng-1.5.13\projects\vstudio\libpng\Debug\pngrtran.obj
D:\2.CurrentProjects\Sethengine\trunk\libs\libpng-1.5.13\projects\vstudio\libpng\Debug\pngrutil.obj
D:\2.CurrentProjects\Sethengine\trunk\libs\libpng-1.5.13\projects\vstudio\libpng\Debug\pngset.obj
D:\2.CurrentProjects\Sethengine\trunk\libs\libpng-1.5.13\projects\vstudio\libpng\Debug\pngtrans.obj
D:\2.CurrentProjects\Sethengine\trunk\libs\libpng-1.5.13\projects\vstudio\libpng\Debug\pngwio.obj
D:\2.CurrentProjects\Sethengine\trunk\libs\libpng-1.5.13\projects\vstudio\libpng\Debug\pngwrite.obj
D:\2.CurrentProjects\Sethengine\trunk\libs\libpng-1.5.13\projects\vstudio\libpng\Debug\pngwtran.obj
D:\2.CurrentProjects\Sethengine\trunk\libs\libpng-1.5.13\projects\vstudio\libpng\Debug\pngwutil.obj
D:\2.CurrentProjects\Sethengine\trunk\libs\libpng-1.5.13\projects\vstudio\libpng\Debug\cl.command.1.tlog
D:\2.CurrentProjects\Sethengine\trunk\libs\libpng-1.5.13\projects\vstudio\libpng\Debug\CL.read.1.tlog
D:\2.CurrentProjects\Sethengine\trunk\libs\libpng-1.5.13\projects\vstudio\libpng\Debug\CL.write.1.tlog
D:\2.CurrentProjects\Sethengine\trunk\libs\libpng-1.5.13\projects\vstudio\libpng\Debug\link-cvtres.read.1.tlog
D:\2.CurrentProjects\Sethengine\trunk\libs\libpng-1.5.13\projects\vstudio\libpng\Debug\link-cvtres.write.1.tlog
D:\2.CurrentProjects\Sethengine\trunk\libs\libpng-1.5.13\projects\vstudio\libpng\Debug\link-rc.read.1.tlog
D:\2.CurrentProjects\Sethengine\trunk\libs\libpng-1.5.13\projects\vstudio\libpng\Debug\link-rc.write.1.tlog
D:\2.CurrentProjects\Sethengine\trunk\libs\libpng-1.5.13\projects\vstudio\libpng\Debug\link.command.1.tlog
D:\2.CurrentProjects\Sethengine\trunk\libs\libpng-1.5.13\projects\vstudio\libpng\Debug\link.read.1.tlog
D:\2.CurrentProjects\Sethengine\trunk\libs\libpng-1.5.13\projects\vstudio\libpng\Debug\link.write.1.tlog
D:\2.CurrentProjects\Sethengine\trunk\libs\libpng-1.5.13\projects\vstudio\libpng\Debug\rc.command.1.tlog
D:\2.CurrentProjects\Sethengine\trunk\libs\libpng-1.5.13\projects\vstudio\libpng\Debug\rc.read.1.tlog
D:\2.CurrentProjects\Sethengine\trunk\libs\libpng-1.5.13\projects\vstudio\libpng\Debug\rc.write.1.tlog
D:\2.CurrentProjects\Sethengine\trunk\libs\libpng-1.5.13\projects\vstudio\libpng\Debug\pngwin.res
D:\2.CurrentProjects\Sethengine\trunk\libs\libpng-1.5.13\projects\vstudio\libpng\Debug\libpng15.pch
D:\2.CurrentProjects\Sethengine\trunk\libs\libpng-1.5.13\projects\vstudio\libpng\Debug\png.sbr
D:\2.CurrentProjects\Sethengine\trunk\libs\libpng-1.5.13\projects\vstudio\libpng\Debug\pngerror.sbr
D:\2.CurrentProjects\Sethengine\trunk\libs\libpng-1.5.13\projects\vstudio\libpng\Debug\pngget.sbr
D:\2.CurrentProjects\Sethengine\trunk\libs\libpng-1.5.13\projects\vstudio\libpng\Debug\pngmem.sbr
D:\2.CurrentProjects\Sethengine\trunk\libs\libpng-1.5.13\projects\vstudio\libpng\Debug\pngpread.sbr
D:\2.CurrentProjects\Sethengine\trunk\libs\libpng-1.5.13\projects\vstudio\libpng\Debug\pngread.sbr
D:\2.CurrentProjects\Sethengine\trunk\libs\libpng-1.5.13\projects\vstudio\libpng\Debug\pngrio.sbr
D:\2.CurrentProjects\Sethengine\trunk\libs\libpng-1.5.13\projects\vstudio\libpng\Debug\pngrtran.sbr
D:\2.CurrentProjects\Sethengine\trunk\libs\libpng-1.5.13\projects\vstudio\libpng\Debug\pngrutil.sbr
D:\2.CurrentProjects\Sethengine\trunk\libs\libpng-1.5.13\projects\vstudio\libpng\Debug\pngset.sbr
D:\2.CurrentProjects\Sethengine\trunk\libs\libpng-1.5.13\projects\vstudio\libpng\Debug\pngtrans.sbr
D:\2.CurrentProjects\Sethengine\trunk\libs\libpng-1.5.13\projects\vstudio\libpng\Debug\pngwio.sbr
D:\2.CurrentProjects\Sethengine\trunk\libs\libpng-1.5.13\projects\vstudio\libpng\Debug\pngwrite.sbr
D:\2.CurrentProjects\Sethengine\trunk\libs\libpng-1.5.13\projects\vstudio\libpng\Debug\pngwtran.sbr
D:\2.CurrentProjects\Sethengine\trunk\libs\libpng-1.5.13\projects\vstudio\libpng\Debug\pngwutil.sbr
D:\2.CurrentProjects\Sethengine\trunk\libs\libpng-1.5.13\projects\vstudio\Debug\libpng15.pdb
