Build started 26/01/2013 22:13:55.
     1>Project "D:\2.CurrentProjects\Sethengine\trunk\libs\libpng-1.5.13\projects\vstudio\libpng\libpng.vcxproj" on node 2 (Build target(s)).
     1>ClCompile:
         C:\Program Files (x86)\Microsoft Visual Studio 11.0\VC\bin\CL.exe /c /I"..\..\..\..\zlib-1.2.5" /nologo /W3 /WX /Od /Oy- /D WIN32 /D _DEBUG /D _WINDOWS /D _USRDLL /D _WINDLL /D _MBCS /Gm- /EHsc /RTC1 /MDd /GS /Gy /fp:precise /Zc:wchar_t- /Zc:forScope /Yc"pngpriv.h" /Fp"Debug\libpng15f.pch" /Fo"Debug\\" /Fd"Debug\vc110.pdb" /FR"Debug\\" /Gd /TC /wd4996 /wd4127 /analyze- /errorReport:prompt ..\..\..\png.c
         png.c
         C:\Program Files (x86)\Microsoft Visual Studio 11.0\VC\bin\CL.exe /c /I"..\..\..\..\zlib-1.2.5" /nologo /W3 /WX /Od /Oy- /D WIN32 /D _DEBUG /D _WINDOWS /D _USRDLL /D _WINDLL /D _MBCS /Gm- /EHsc /RTC1 /MDd /GS /Gy /fp:precise /Zc:wchar_t- /Zc:forScope /Yu"pngpriv.h" /Fp"Debug\libpng15f.pch" /Fo"Debug\\" /Fd"Debug\vc110.pdb" /FR"Debug\\" /Gd /TC /wd4996 /wd4127 /analyze- /errorReport:prompt ..\..\..\pngerror.c ..\..\..\pngget.c ..\..\..\pngmem.c ..\..\..\pngpread.c ..\..\..\pngread.c ..\..\..\pngrio.c ..\..\..\pngrtran.c ..\..\..\pngrutil.c ..\..\..\pngset.c ..\..\..\pngtrans.c ..\..\..\pngwio.c ..\..\..\pngwrite.c ..\..\..\pngwtran.c ..\..\..\pngwutil.c
         pngerror.c
         pngget.c
         pngmem.c
         pngpread.c
         pngread.c
         pngrio.c
         pngrtran.c
         pngrutil.c
         pngset.c
         pngtrans.c
         pngwio.c
         pngwrite.c
         pngwtran.c
         pngwutil.c
         Generating Code...
       ResourceCompile:
         C:\Program Files (x86)\Windows Kits\8.0\bin\x86\rc.exe /l"0x0409" /nologo /fo"Debug\pngwin.res" ..\..\..\scripts\pngwin.rc 
       Link:
         C:\Program Files (x86)\Microsoft Visual Studio 11.0\VC\bin\link.exe /ERRORREPORT:PROMPT /OUT:"D:\2.CurrentProjects\Sethengine\trunk\libs\libpng-1.5.13\projects\vstudio\Debug\libpng15f.dll" /VERSION:"15" /INCREMENTAL:NO /NOLOGO /LIBPATH:"D:\2.CurrentProjects\Sethengine\trunk\libs\libpng-1.5.13\projects\vstudio\Debug\\" zlib.lib /MANIFEST /MANIFESTUAC:"level='asInvoker' uiAccess='false'" /manifest:embed /DEBUG /PDB:"D:\2.CurrentProjects\Sethengine\trunk\libs\libpng-1.5.13\projects\vstudio\Debug\libpng15f.pdb" /SUBSYSTEM:WINDOWS /TLBID:1 /DYNAMICBASE /NXCOMPAT /IMPLIB:"D:\2.CurrentProjects\Sethengine\trunk\libs\libpng-1.5.13\projects\vstudio\Debug\libpng15f.lib" /MACHINE:X86 /SAFESEH /DLL Debug\pngwin.res
         Debug\png.obj
         Debug\pngerror.obj
         Debug\pngget.obj
         Debug\pngmem.obj
         Debug\pngpread.obj
         Debug\pngread.obj
         Debug\pngrio.obj
         Debug\pngrtran.obj
         Debug\pngrutil.obj
         Debug\pngset.obj
         Debug\pngtrans.obj
         Debug\pngwio.obj
         Debug\pngwrite.obj
         Debug\pngwtran.obj
         Debug\pngwutil.obj
            Creating library D:\2.CurrentProjects\Sethengine\trunk\libs\libpng-1.5.13\projects\vstudio\Debug\libpng15f.lib and object D:\2.CurrentProjects\Sethengine\trunk\libs\libpng-1.5.13\projects\vstudio\Debug\libpng15f.exp
         libpng.vcxproj -> D:\2.CurrentProjects\Sethengine\trunk\libs\libpng-1.5.13\projects\vstudio\Debug\libpng15f.dll
       BscMake:
         C:\Program Files (x86)\Microsoft Visual Studio 11.0\VC\bin\bscmake.exe /nologo /o"D:\2.CurrentProjects\Sethengine\trunk\libs\libpng-1.5.13\projects\vstudio\Debug\libpng15f.bsc" Debug\png.sbr Debug\pngerror.sbr Debug\pngget.sbr Debug\pngmem.sbr Debug\pngpread.sbr Debug\pngread.sbr Debug\pngrio.sbr Debug\pngrtran.sbr Debug\pngrutil.sbr Debug\pngset.sbr Debug\pngtrans.sbr Debug\pngwio.sbr Debug\pngwrite.sbr Debug\pngwtran.sbr Debug\pngwutil.sbr
     1>Done Building Project "D:\2.CurrentProjects\Sethengine\trunk\libs\libpng-1.5.13\projects\vstudio\libpng\libpng.vcxproj" (Build target(s)).

Build succeeded.

Time Elapsed 00:00:02.88
