D:\2.CURRENTPROJECTS\SETHENGINE\TRUNK\LIBS\GLFW-2.7.7\SUPPORT\MSVC110\WIN32\DEBUG\GLFW\FULLSCREEN.OBJ
D:\2.CURRENTPROJECTS\SETHENGINE\TRUNK\LIBS\GLFW-2.7.7\SUPPORT\MSVC110\WIN32\DEBUG\GLFW\GLEXT.OBJ
D:\2.CURRENTPROJECTS\SETHENGINE\TRUNK\LIBS\GLFW-2.7.7\SUPPORT\MSVC110\WIN32\DEBUG\GLFW\IMAGE.OBJ
D:\2.CURRENTPROJECTS\SETHENGINE\TRUNK\LIBS\GLFW-2.7.7\SUPPORT\MSVC110\WIN32\DEBUG\GLFW\INIT.OBJ
D:\2.CURRENTPROJECTS\SETHENGINE\TRUNK\LIBS\GLFW-2.7.7\SUPPORT\MSVC110\WIN32\DEBUG\GLFW\INPUT.OBJ
D:\2.CURRENTPROJECTS\SETHENGINE\TRUNK\LIBS\GLFW-2.7.7\SUPPORT\MSVC110\WIN32\DEBUG\GLFW\JOYSTICK.OBJ
D:\2.CURRENTPROJECTS\SETHENGINE\TRUNK\LIBS\GLFW-2.7.7\SUPPORT\MSVC110\WIN32\DEBUG\GLFW\STREAM.OBJ
D:\2.CURRENTPROJECTS\SETHENGINE\TRUNK\LIBS\GLFW-2.7.7\SUPPORT\MSVC110\WIN32\DEBUG\GLFW\TGA.OBJ
D:\2.CURRENTPROJECTS\SETHENGINE\TRUNK\LIBS\GLFW-2.7.7\SUPPORT\MSVC110\WIN32\DEBUG\GLFW\THREAD.OBJ
D:\2.CURRENTPROJECTS\SETHENGINE\TRUNK\LIBS\GLFW-2.7.7\SUPPORT\MSVC110\WIN32\DEBUG\GLFW\TIME.OBJ
D:\2.CURRENTPROJECTS\SETHENGINE\TRUNK\LIBS\GLFW-2.7.7\SUPPORT\MSVC110\WIN32\DEBUG\GLFW\WIN32_DLLMAIN.OBJ
D:\2.CURRENTPROJECTS\SETHENGINE\TRUNK\LIBS\GLFW-2.7.7\SUPPORT\MSVC110\WIN32\DEBUG\GLFW\WIN32_ENABLE.OBJ
D:\2.CURRENTPROJECTS\SETHENGINE\TRUNK\LIBS\GLFW-2.7.7\SUPPORT\MSVC110\WIN32\DEBUG\GLFW\WIN32_FULLSCREEN.OBJ
D:\2.CURRENTPROJECTS\SETHENGINE\TRUNK\LIBS\GLFW-2.7.7\SUPPORT\MSVC110\WIN32\DEBUG\GLFW\WIN32_GLEXT.OBJ
D:\2.CURRENTPROJECTS\SETHENGINE\TRUNK\LIBS\GLFW-2.7.7\SUPPORT\MSVC110\WIN32\DEBUG\GLFW\WIN32_INIT.OBJ
D:\2.CURRENTPROJECTS\SETHENGINE\TRUNK\LIBS\GLFW-2.7.7\SUPPORT\MSVC110\WIN32\DEBUG\GLFW\WIN32_JOYSTICK.OBJ
D:\2.CURRENTPROJECTS\SETHENGINE\TRUNK\LIBS\GLFW-2.7.7\SUPPORT\MSVC110\WIN32\DEBUG\GLFW\WIN32_THREAD.OBJ
D:\2.CURRENTPROJECTS\SETHENGINE\TRUNK\LIBS\GLFW-2.7.7\SUPPORT\MSVC110\WIN32\DEBUG\GLFW\WIN32_TIME.OBJ
D:\2.CURRENTPROJECTS\SETHENGINE\TRUNK\LIBS\GLFW-2.7.7\SUPPORT\MSVC110\WIN32\DEBUG\GLFW\WIN32_WINDOW.OBJ
D:\2.CURRENTPROJECTS\SETHENGINE\TRUNK\LIBS\GLFW-2.7.7\SUPPORT\MSVC110\WIN32\DEBUG\GLFW\WINDOW.OBJ
D:\2.CURRENTPROJECTS\SETHENGINE\TRUNK\LIBS\GLFW-2.7.7\SUPPORT\MSVC110\WIN32\DEBUG\GLFW\ENABLE.OBJ
D:\2.CURRENTPROJECTS\SETHENGINE\TRUNK\LIBS\GLFW-2.7.7\SUPPORT\MSVC110\WIN32\DEBUG\GLFW\VC110.PDB
D:\2.CURRENTPROJECTS\SETHENGINE\TRUNK\LIBS\GLFW-2.7.7\SUPPORT\MSVC110\DEBUG\WIN32\GLFW.LIB
D:\2.CurrentProjects\Sethengine\trunk\libs\glfw-2.7.7\support\msvc110\Win32\Debug\GLFW\enable.obj
D:\2.CurrentProjects\Sethengine\trunk\libs\glfw-2.7.7\support\msvc110\Win32\Debug\GLFW\fullscreen.obj
D:\2.CurrentProjects\Sethengine\trunk\libs\glfw-2.7.7\support\msvc110\Win32\Debug\GLFW\glext.obj
D:\2.CurrentProjects\Sethengine\trunk\libs\glfw-2.7.7\support\msvc110\Win32\Debug\GLFW\image.obj
D:\2.CurrentProjects\Sethengine\trunk\libs\glfw-2.7.7\support\msvc110\Win32\Debug\GLFW\init.obj
D:\2.CurrentProjects\Sethengine\trunk\libs\glfw-2.7.7\support\msvc110\Win32\Debug\GLFW\input.obj
D:\2.CurrentProjects\Sethengine\trunk\libs\glfw-2.7.7\support\msvc110\Win32\Debug\GLFW\joystick.obj
D:\2.CurrentProjects\Sethengine\trunk\libs\glfw-2.7.7\support\msvc110\Win32\Debug\GLFW\stream.obj
D:\2.CurrentProjects\Sethengine\trunk\libs\glfw-2.7.7\support\msvc110\Win32\Debug\GLFW\tga.obj
D:\2.CurrentProjects\Sethengine\trunk\libs\glfw-2.7.7\support\msvc110\Win32\Debug\GLFW\thread.obj
D:\2.CurrentProjects\Sethengine\trunk\libs\glfw-2.7.7\support\msvc110\Win32\Debug\GLFW\time.obj
D:\2.CurrentProjects\Sethengine\trunk\libs\glfw-2.7.7\support\msvc110\Win32\Debug\GLFW\win32_dllmain.obj
D:\2.CurrentProjects\Sethengine\trunk\libs\glfw-2.7.7\support\msvc110\Win32\Debug\GLFW\win32_enable.obj
D:\2.CurrentProjects\Sethengine\trunk\libs\glfw-2.7.7\support\msvc110\Win32\Debug\GLFW\win32_fullscreen.obj
D:\2.CurrentProjects\Sethengine\trunk\libs\glfw-2.7.7\support\msvc110\Win32\Debug\GLFW\win32_glext.obj
D:\2.CurrentProjects\Sethengine\trunk\libs\glfw-2.7.7\support\msvc110\Win32\Debug\GLFW\win32_init.obj
D:\2.CurrentProjects\Sethengine\trunk\libs\glfw-2.7.7\support\msvc110\Win32\Debug\GLFW\win32_joystick.obj
D:\2.CurrentProjects\Sethengine\trunk\libs\glfw-2.7.7\support\msvc110\Win32\Debug\GLFW\win32_thread.obj
D:\2.CurrentProjects\Sethengine\trunk\libs\glfw-2.7.7\support\msvc110\Win32\Debug\GLFW\win32_time.obj
D:\2.CurrentProjects\Sethengine\trunk\libs\glfw-2.7.7\support\msvc110\Win32\Debug\GLFW\win32_window.obj
D:\2.CurrentProjects\Sethengine\trunk\libs\glfw-2.7.7\support\msvc110\Win32\Debug\GLFW\window.obj
D:\2.CurrentProjects\Sethengine\trunk\libs\glfw-2.7.7\support\msvc110\Win32\Debug\GLFW\cl.command.1.tlog
D:\2.CurrentProjects\Sethengine\trunk\libs\glfw-2.7.7\support\msvc110\Win32\Debug\GLFW\CL.read.1.tlog
D:\2.CurrentProjects\Sethengine\trunk\libs\glfw-2.7.7\support\msvc110\Win32\Debug\GLFW\CL.write.1.tlog
D:\2.CurrentProjects\Sethengine\trunk\libs\glfw-2.7.7\support\msvc110\Win32\Debug\GLFW\Lib-link.read.1.tlog
D:\2.CurrentProjects\Sethengine\trunk\libs\glfw-2.7.7\support\msvc110\Win32\Debug\GLFW\Lib-link.write.1.tlog
D:\2.CurrentProjects\Sethengine\trunk\libs\glfw-2.7.7\support\msvc110\Win32\Debug\GLFW\lib.command.1.tlog
D:\2.CurrentProjects\Sethengine\trunk\libs\glfw-2.7.7\support\msvc110\Win32\Debug\GLFW\vc110.idb
D:\2.CurrentProjects\Sethengine\trunk\libs\glfw-2.7.7\support\msvc110\Win32\Debug\GLFW\vc110.pdb
D:\2.CurrentProjects\Sethengine\trunk\libs\glfw-2.7.7\support\msvc110\Debug\Win32\GLFW.lib
