Build started 27/04/2013 10:40:02.
     1>Project "D:\2.CurrentProjects\git\sethengine\lib\glfw-2.7.7\support\msvc110\GLFW.vcxproj" on node 2 (Build target(s)).
     1>ClCompile:
         C:\Program Files (x86)\Microsoft Visual Studio 11.0\VC\bin\CL.exe /c /I"D:\2.CurrentProjects\git\sethengine\lib\glfw-2.7.7\support\msvc110\\..\..\lib" /I"D:\2.CurrentProjects\git\sethengine\lib\glfw-2.7.7\support\msvc110\\..\..\lib\win32" /ZI /nologo /W3 /WX- /Od /Oy- /D WIN32 /D _DEBUG /D _LIB /D _MBCS /Gm /EHsc /RTC1 /MTd /GS /fp:precise /Zc:wchar_t /Zc:forScope /Fo"Win32\Debug\GLFW\\" /Fd"Win32\Debug\GLFW\vc110.pdb" /Gd /TC /analyze- /errorReport:prompt ..\..\lib\enable.c ..\..\lib\fullscreen.c ..\..\lib\glext.c ..\..\lib\image.c ..\..\lib\init.c ..\..\lib\input.c ..\..\lib\joystick.c ..\..\lib\stream.c ..\..\lib\tga.c ..\..\lib\thread.c ..\..\lib\time.c ..\..\lib\win32\win32_dllmain.c ..\..\lib\win32\win32_enable.c ..\..\lib\win32\win32_fullscreen.c ..\..\lib\win32\win32_glext.c ..\..\lib\win32\win32_init.c ..\..\lib\win32\win32_joystick.c ..\..\lib\win32\win32_thread.c ..\..\lib\win32\win32_time.c ..\..\lib\win32\win32_window.c ..\..\lib\window.c
         window.c
         win32_window.c
         win32_time.c
         win32_thread.c
         win32_joystick.c
         win32_init.c
         win32_glext.c
         win32_fullscreen.c
         win32_enable.c
         win32_dllmain.c
         time.c
         thread.c
         tga.c
         stream.c
         joystick.c
         input.c
         init.c
         image.c
         glext.c
         fullscreen.c
         Generating Code...
         Compiling...
         enable.c
         Generating Code...
       Lib:
         C:\Program Files (x86)\Microsoft Visual Studio 11.0\VC\bin\Lib.exe /OUT:"Debug\Win32\GLFW.lib" /NOLOGO Win32\Debug\GLFW\enable.obj
         Win32\Debug\GLFW\fullscreen.obj
         Win32\Debug\GLFW\glext.obj
         Win32\Debug\GLFW\image.obj
         Win32\Debug\GLFW\init.obj
         Win32\Debug\GLFW\input.obj
         Win32\Debug\GLFW\joystick.obj
         Win32\Debug\GLFW\stream.obj
         Win32\Debug\GLFW\tga.obj
         Win32\Debug\GLFW\thread.obj
         Win32\Debug\GLFW\time.obj
         Win32\Debug\GLFW\win32_dllmain.obj
         Win32\Debug\GLFW\win32_enable.obj
         Win32\Debug\GLFW\win32_fullscreen.obj
         Win32\Debug\GLFW\win32_glext.obj
         Win32\Debug\GLFW\win32_init.obj
         Win32\Debug\GLFW\win32_joystick.obj
         Win32\Debug\GLFW\win32_thread.obj
         Win32\Debug\GLFW\win32_time.obj
         Win32\Debug\GLFW\win32_window.obj
         Win32\Debug\GLFW\window.obj
         GLFW.vcxproj -> D:\2.CurrentProjects\git\sethengine\lib\glfw-2.7.7\support\msvc110\Debug\Win32\GLFW.lib
     1>Done Building Project "D:\2.CurrentProjects\git\sethengine\lib\glfw-2.7.7\support\msvc110\GLFW.vcxproj" (Build target(s)).

Build succeeded.

Time Elapsed 00:00:17.66
