Build started 26/01/2013 22:16:44.
     1>Project "D:\2.CurrentProjects\Sethengine\trunk\libs\libpng-1.5.13\projects\vstudio\libpng\libpng.vcxproj" on node 2 (Rebuild target(s)).
     1>ClCompile:
         C:\Program Files (x86)\Microsoft Visual Studio 11.0\VC\bin\CL.exe /c /I"..\..\..\..\zlib-1.2.5" /Zi /nologo /W4 /WX /Ox /Oi /Oy- /GL /D WIN32 /D NDEBUG /D _WINDOWS /D _MBCS /GF /Gm- /EHsc /MT /GS /Gy /fp:precise /fp:except- /Zc:wchar_t- /Zc:forScope /Yc"pngpriv.h" /Fp"Release Library\libpng15.pch" /Fo"Release Library\\" /Fd"Release Library\vc110.pdb" /FR"Release Library\\" /Gd /TC /wd4996 /wd4127 /analyze- /errorReport:prompt ..\..\..\png.c
         png.c
         C:\Program Files (x86)\Microsoft Visual Studio 11.0\VC\bin\CL.exe /c /I"..\..\..\..\zlib-1.2.5" /Zi /nologo /W4 /WX /Ox /Oi /Oy- /GL /D WIN32 /D NDEBUG /D _WINDOWS /D _MBCS /GF /Gm- /EHsc /MT /GS /Gy /fp:precise /fp:except- /Zc:wchar_t- /Zc:forScope /Yu"pngpriv.h" /Fp"Release Library\libpng15.pch" /Fo"Release Library\\" /Fd"Release Library\vc110.pdb" /FR"Release Library\\" /Gd /TC /wd4996 /wd4127 /analyze- /errorReport:prompt ..\..\..\pngerror.c ..\..\..\pngget.c ..\..\..\pngmem.c ..\..\..\pngpread.c ..\..\..\pngread.c ..\..\..\pngrio.c ..\..\..\pngrtran.c ..\..\..\pngrutil.c ..\..\..\pngset.c ..\..\..\pngtrans.c ..\..\..\pngwio.c ..\..\..\pngwrite.c ..\..\..\pngwtran.c ..\..\..\pngwutil.c
         pngerror.c
         pngget.c
         pngmem.c
         pngpread.c
         pngread.c
         pngrio.c
         pngrtran.c
         pngrutil.c
         pngset.c
         pngtrans.c
         pngwio.c
         pngwrite.c
         pngwtran.c
         pngwutil.c
       Lib:
         C:\Program Files (x86)\Microsoft Visual Studio 11.0\VC\bin\Lib.exe /OUT:"D:\2.CurrentProjects\Sethengine\trunk\libs\libpng-1.5.13\projects\vstudio\Release Library\libpng15.lib" /NOLOGO /LTCG "Release Library\png.obj"
         "Release Library\pngerror.obj"
         "Release Library\pngget.obj"
         "Release Library\pngmem.obj"
         "Release Library\pngpread.obj"
         "Release Library\pngread.obj"
         "Release Library\pngrio.obj"
         "Release Library\pngrtran.obj"
         "Release Library\pngrutil.obj"
         "Release Library\pngset.obj"
         "Release Library\pngtrans.obj"
         "Release Library\pngwio.obj"
         "Release Library\pngwrite.obj"
         "Release Library\pngwtran.obj"
         "Release Library\pngwutil.obj"
         libpng.vcxproj -> D:\2.CurrentProjects\Sethengine\trunk\libs\libpng-1.5.13\projects\vstudio\Release Library\libpng15.lib
       BscMake:
         C:\Program Files (x86)\Microsoft Visual Studio 11.0\VC\bin\bscmake.exe /nologo /o"D:\2.CurrentProjects\Sethengine\trunk\libs\libpng-1.5.13\projects\vstudio\Release Library\libpng15.bsc" "Release Library\png.sbr" "Release Library\pngerror.sbr" "Release Library\pngget.sbr" "Release Library\pngmem.sbr" "Release Library\pngpread.sbr" "Release Library\pngread.sbr" "Release Library\pngrio.sbr" "Release Library\pngrtran.sbr" "Release Library\pngrutil.sbr" "Release Library\pngset.sbr" "Release Library\pngtrans.sbr" "Release Library\pngwio.sbr" "Release Library\pngwrite.sbr" "Release Library\pngwtran.sbr" "Release Library\pngwutil.sbr"
     1>Done Building Project "D:\2.CurrentProjects\Sethengine\trunk\libs\libpng-1.5.13\projects\vstudio\libpng\libpng.vcxproj" (Rebuild target(s)).

Build succeeded.

Time Elapsed 00:00:03.50
